
/home/runner/work/exp-data-hiding-and-unhiding-lsb-technique-au/exp-data-hiding-and-unhiding-lsb-technique-au/experiment/simulation/js/index-Cui_0OKC.js
     57:7   warning  'global' is not defined                                                    no-undef
    148:28  warning  Do not access Object.prototype method 'hasOwnProperty' from target object  no-prototype-builtins
    361:14  warning  Do not access Object.prototype method 'hasOwnProperty' from target object  no-prototype-builtins
    490:39  warning  Do not access Object.prototype method 'hasOwnProperty' from target object  no-prototype-builtins
    582:38  warning  'setImmediate' is not defined                                              no-undef
    843:5   warning  Unexpected combined character in character class                           no-misleading-character-class
    940:12  warning  Unnecessary escape character: \-                                           no-useless-escape
    976:13  warning  Do not access Object.prototype method 'hasOwnProperty' from target object  no-prototype-builtins
   1110:11  warning  Expected a conditional expression and instead saw an assignment            no-cond-assign
   1175:17  warning  Empty block statement                                                      no-empty
   1259:8   warning  Do not access Object.prototype method 'hasOwnProperty' from target object  no-prototype-builtins
   1352:5   warning  Do not access Object.prototype method 'hasOwnProperty' from target object  no-prototype-builtins
   1354:9   warning  Do not access Object.prototype method 'hasOwnProperty' from target object  no-prototype-builtins
   1360:9   warning  Do not access Object.prototype method 'hasOwnProperty' from target object  no-prototype-builtins
   1360:38  warning  Do not access Object.prototype method 'hasOwnProperty' from target object  no-prototype-builtins
   1390:14  warning  Do not access Object.prototype method 'hasOwnProperty' from target object  no-prototype-builtins
   1459:34  warning  'MSApp' is not defined                                                     no-undef
   1461:11  warning  'MSApp' is not defined                                                     no-undef
   1545:51  warning  Do not access Object.prototype method 'hasOwnProperty' from target object  no-prototype-builtins
   1552:11  warning  Do not access Object.prototype method 'hasOwnProperty' from target object  no-prototype-builtins
   1691:7   warning  Expected to return a value in method 'get'                                 getter-return
   1700:22  warning  's' is defined but never used                                              no-unused-vars
   1700:25  warning  '_' is defined but never used                                              no-unused-vars
   1700:28  warning  '$' is defined but never used                                              no-unused-vars
   1700:31  warning  'j' is defined but never used                                              no-unused-vars
   1700:34  warning  '_e' is defined but never used                                             no-unused-vars
   1700:38  warning  'et' is defined but never used                                             no-unused-vars
   1717:13  warning  'i' is defined but never used                                              no-unused-vars
   1717:16  warning  'a' is defined but never used                                              no-unused-vars
   1717:19  warning  'o' is defined but never used                                              no-unused-vars
   1717:22  warning  's' is defined but never used                                              no-unused-vars
   1717:25  warning  '_' is defined but never used                                              no-unused-vars
   1717:28  warning  '$' is defined but never used                                              no-unused-vars
   1717:31  warning  'j' is defined but never used                                              no-unused-vars
   1717:34  warning  '_e' is defined but never used                                             no-unused-vars
   1717:38  warning  'et' is defined but never used                                             no-unused-vars
   1720:13  warning  'i' is defined but never used                                              no-unused-vars
   1720:16  warning  'a' is defined but never used                                              no-unused-vars
   1720:19  warning  'o' is defined but never used                                              no-unused-vars
   1720:22  warning  's' is defined but never used                                              no-unused-vars
   1720:25  warning  '_' is defined but never used                                              no-unused-vars
   1720:28  warning  '$' is defined but never used                                              no-unused-vars
   1720:31  warning  'j' is defined but never used                                              no-unused-vars
   1720:34  warning  '_e' is defined but never used                                             no-unused-vars
   1720:38  warning  'et' is defined but never used                                             no-unused-vars
   1841:13  warning  Empty block statement                                                      no-empty
   2373:9   warning  Do not access Object.prototype method 'hasOwnProperty' from target object  no-prototype-builtins
   2392:39  warning  Invalid typeof comparison value                                            valid-typeof
   2400:40  warning  Invalid typeof comparison value                                            valid-typeof
   2535:56  warning  Expected a conditional expression and instead saw an assignment            no-cond-assign
   2953:22  warning  Do not access Object.prototype method 'hasOwnProperty' from target object  no-prototype-builtins
   3138:11  warning  Expected a 'break' statement before 'case'                                 no-fallthrough
   3154:11  warning  Expected a 'break' statement before 'case'                                 no-fallthrough
   3248:18  warning  Expected a conditional expression and instead saw an assignment            no-cond-assign
   3348:9   warning  Expected a 'break' statement before 'case'                                 no-fallthrough
   3436:8   warning  Unexpected control character(s) in regular expression: \x00                no-control-regex
   4412:13  warning  Expected a 'break' statement before 'case'                                 no-fallthrough
   4449:14  warning  Unexpected constant condition                                              no-constant-condition
   4489:12  warning  Expected a conditional expression and instead saw an assignment            no-cond-assign
   4932:15  warning  Empty block statement                                                      no-empty
   4933:17  warning  Empty block statement                                                      no-empty
   5144:13  warning  Expected a conditional expression and instead saw an assignment            no-cond-assign
   5197:15  warning  Expected a conditional expression and instead saw an assignment            no-cond-assign
   5492:12  warning  Expected a conditional expression and instead saw an assignment            no-cond-assign
   5536:10  warning  Expected a conditional expression and instead saw an assignment            no-cond-assign
   5998:14  warning  Do not access Object.prototype method 'hasOwnProperty' from target object  no-prototype-builtins
   5998:38  warning  Do not access Object.prototype method 'hasOwnProperty' from target object  no-prototype-builtins
   6001:28  warning  Do not access Object.prototype method 'hasOwnProperty' from target object  no-prototype-builtins
   6008:17  warning  Do not access Object.prototype method 'hasOwnProperty' from target object  no-prototype-builtins
   6015:11  warning  Do not access Object.prototype method 'hasOwnProperty' from target object  no-prototype-builtins
   6020:19  warning  Do not access Object.prototype method 'hasOwnProperty' from target object  no-prototype-builtins
   6021:27  warning  Do not access Object.prototype method 'hasOwnProperty' from target object  no-prototype-builtins
   6024:18  warning  Do not access Object.prototype method 'hasOwnProperty' from target object  no-prototype-builtins
   6038:19  warning  Do not access Object.prototype method 'hasOwnProperty' from target object  no-prototype-builtins
   6176:19  warning  Do not access Object.prototype method 'hasOwnProperty' from target object  no-prototype-builtins
   6189:22  warning  Do not access Object.prototype method 'hasOwnProperty' from target object  no-prototype-builtins
   6274:22  warning  Do not access Object.prototype method 'hasOwnProperty' from target object  no-prototype-builtins
   6287:25  warning  Do not access Object.prototype method 'hasOwnProperty' from target object  no-prototype-builtins
   6793:13  warning  Empty block statement                                                      no-empty
   6797:5   warning  Expected a 'break' statement before 'case'                                 no-fallthrough
   7105:42  warning  Do not access Object.prototype method 'hasOwnProperty' from target object  no-prototype-builtins
   7186:16  warning  'a' is defined but never used                                              no-unused-vars
   7186:19  warning  'o' is defined but never used                                              no-unused-vars
   7189:16  warning  'a' is defined but never used                                              no-unused-vars
   7189:19  warning  'o' is defined but never used                                              no-unused-vars
   7500:12  warning  Unexpected constant condition                                              no-constant-condition
   7851:12  warning  Unexpected constant condition                                              no-constant-condition
   7873:10  warning  Unexpected constant condition                                              no-constant-condition
   8099:19  warning  Empty block statement                                                      no-empty
   8921:1   warning  'Gb' is a function                                                         no-func-assign
   8922:1   warning  'Hb' is a function                                                         no-func-assign
   8957:12  warning  '__REACT_DEVTOOLS_GLOBAL_HOOK__' is not defined                            no-undef
   8961:13  warning  Empty block statement                                                      no-empty
   9058:14  warning  '__REACT_DEVTOOLS_GLOBAL_HOOK__' is not defined                            no-undef
   9062:7   warning  '__REACT_DEVTOOLS_GLOBAL_HOOK__' is not defined                            no-undef
   9186:34  warning  'st' is assigned a value but never used                                    no-unused-vars
   9248:32  warning  'a' is defined but never used                                              no-unused-vars
   9393:6   warning  '_extends' is a function                                                   no-func-assign
   9555:26  warning  'a' is defined but never used                                              no-unused-vars
   9556:20  warning  'i' is defined but never used                                              no-unused-vars
   9556:23  warning  'a' is defined but never used                                              no-unused-vars
   9557:15  warning  'i' is defined but never used                                              no-unused-vars
   9557:18  warning  'a' is defined but never used                                              no-unused-vars
   9576:6   warning  '_typeof' is a function                                                    no-func-assign
   9807:35  warning  'global' is not defined                                                    no-undef
   9808:9   warning  'global' is not defined                                                    no-undef
  10218:6   warning  '_setPrototypeOf' is a function                                            no-func-assign
  10237:6   warning  '_getPrototypeOf' is a function                                            no-func-assign
  10250:11  warning  Empty block statement                                                      no-empty
  10251:11  warning  '_isNativeReflectConstruct' is a function                                  no-func-assign
  10528:11  warning  Unsafe usage of ReturnStatement                                            no-unsafe-finally
  10530:17  warning  Unsafe usage of ThrowStatement                                             no-unsafe-finally
  10563:5   warning  Expected a 'break' statement before 'case'                                 no-fallthrough
  10565:5   warning  Expected a 'break' statement before 'case'                                 no-fallthrough
  11622:7   warning  Expected a 'break' statement before 'case'                                 no-fallthrough
  11648:7   warning  Expected a 'break' statement before 'case'                                 no-fallthrough
  11655:11  warning  Expected a 'break' statement before 'case'                                 no-fallthrough
  11668:11  warning  Expected a 'break' statement before 'default'                              no-fallthrough
  11733:7   warning  Expected a 'break' statement before 'default'                              no-fallthrough
  11800:5   warning  Expected a 'break' statement before 'case'                                 no-fallthrough
  11864:26  warning  Unnecessary escape character: \:                                           no-useless-escape
  12539:55  warning  's' is assigned a value but never used                                     no-unused-vars
  13923:21  warning  's' is already defined                                                     no-redeclare
  14087:21  warning  's' is already defined                                                     no-redeclare
  15476:27  warning  'i' is defined but never used                                              no-unused-vars
  15632:21  warning  's' is already defined                                                     no-redeclare
  15657:42  warning  'o' is assigned a value but never used                                     no-unused-vars
  15657:69  warning  '_' is assigned a value but never used                                     no-unused-vars
  16358:3   warning  '_regeneratorRuntime' is a function                                        no-func-assign
  16388:5   warning  'tt' is a function                                                         no-func-assign
  16792:9   warning  Empty block statement                                                      no-empty
  16813:24  warning  'i' is defined but never used                                              no-unused-vars
  16818:6   warning  '_modernUnmount' is a function                                             no-func-assign
  16845:18  warning  'i' is defined but never used                                              no-unused-vars
  16850:6   warning  '_unmount' is a function                                                   no-func-assign
  16863:15  warning  Expected a 'break' statement before 'case'                                 no-fallthrough
  17168:21  warning  's' is already defined                                                     no-redeclare
  17985:21  warning  's' is already defined                                                     no-redeclare
  18325:6   warning  '_wrapNativeSuper' is a function                                           no-func-assign
  18353:5   warning  'define_process_env_default' is assigned a value but never used            no-unused-vars
  18393:11  warning  Unreachable code                                                           no-unreachable
  18550:13  warning  Do not access Object.prototype method 'hasOwnProperty' from target object  no-prototype-builtins
  18611:11  warning  Do not access Object.prototype method 'hasOwnProperty' from target object  no-prototype-builtins
  18707:17  warning  Unnecessary escape character: \[                                           no-useless-escape
  18707:42  warning  Unnecessary escape character: \[                                           no-useless-escape
  18799:44  warning  Do not access Object.prototype method 'hasOwnProperty' from target object  no-prototype-builtins
  18808:44  warning  Do not access Object.prototype method 'hasOwnProperty' from target object  no-prototype-builtins
  18818:44  warning  Do not access Object.prototype method 'hasOwnProperty' from target object  no-prototype-builtins
  18827:44  warning  Do not access Object.prototype method 'hasOwnProperty' from target object  no-prototype-builtins
  18842:44  warning  Do not access Object.prototype method 'hasOwnProperty' from target object  no-prototype-builtins
  18851:44  warning  Do not access Object.prototype method 'hasOwnProperty' from target object  no-prototype-builtins
  18861:44  warning  Do not access Object.prototype method 'hasOwnProperty' from target object  no-prototype-builtins
  18871:44  warning  Do not access Object.prototype method 'hasOwnProperty' from target object  no-prototype-builtins
  18880:44  warning  Do not access Object.prototype method 'hasOwnProperty' from target object  no-prototype-builtins
  18891:44  warning  Do not access Object.prototype method 'hasOwnProperty' from target object  no-prototype-builtins
  18900:44  warning  Do not access Object.prototype method 'hasOwnProperty' from target object  no-prototype-builtins
  18910:44  warning  Do not access Object.prototype method 'hasOwnProperty' from target object  no-prototype-builtins
  18925:44  warning  Do not access Object.prototype method 'hasOwnProperty' from target object  no-prototype-builtins
  18940:44  warning  Do not access Object.prototype method 'hasOwnProperty' from target object  no-prototype-builtins
  19207:27  warning  Do not access Object.prototype method 'hasOwnProperty' from target object  no-prototype-builtins
  19295:23  warning  'i' is defined but never used                                              no-unused-vars
  19295:26  warning  'a' is defined but never used                                              no-unused-vars
  19295:29  warning  'o' is defined but never used                                              no-unused-vars
  19295:32  warning  's' is defined but never used                                              no-unused-vars
  19295:35  warning  '_' is defined but never used                                              no-unused-vars
  19300:6   warning  '_validateRule' is a function                                              no-func-assign
  19357:17  warning  Expected a 'break' statement before 'case'                                 no-fallthrough
  19487:19  warning  Expected a 'break' statement before 'case'                                 no-fallthrough
  19506:19  warning  Expected a 'break' statement before 'case'                                 no-fallthrough
  19513:26  warning  'st' is defined but never used                                             no-unused-vars
  19513:30  warning  'nt' is defined but never used                                             no-unused-vars
  19537:28  warning  'i' is defined but never used                                              no-unused-vars
  19542:6   warning  '_finishOnAllFailed' is a function                                         no-func-assign
  19566:30  warning  'i' is defined but never used                                              no-unused-vars
  19571:6   warning  '_finishOnFirstFailed' is a function                                       no-func-assign
  21945:21  warning  's' is already defined                                                     no-redeclare
  22157:21  warning  's' is already defined                                                     no-redeclare
  23211:21  warning  's' is already defined                                                     no-redeclare
  23915:21  warning  's' is already defined                                                     no-redeclare
  24146:21  warning  's' is already defined                                                     no-redeclare
  24198:21  warning  's' is already defined                                                     no-redeclare
  24416:23  warning  's' is already defined                                                     no-redeclare
  24511:21  warning  's' is already defined                                                     no-redeclare
  24832:17  warning  Empty block statement                                                      no-empty
  25146:23  warning  's' is already defined                                                     no-redeclare
  25498:20  warning  'a' is defined but never used                                              no-unused-vars
  25597:40  warning  'o' is defined but never used                                              no-unused-vars
  26093:26  warning  'lt' is assigned a value but never used                                    no-unused-vars
  26224:25  warning  's' is assigned a value but never used                                     no-unused-vars
  26225:28  warning  '_' is assigned a value but never used                                     no-unused-vars
  26226:29  warning  '$' is assigned a value but never used                                     no-unused-vars
  26603:26  warning  'a' is defined but never used                                              no-unused-vars
  26663:20  warning  'i' is defined but never used                                              no-unused-vars
  26663:23  warning  'a' is defined but never used                                              no-unused-vars
  26680:5   warning  'onClearAll' is assigned a value but never used                            no-unused-vars
  26836:16  warning  '_typeof$6' is a function                                                  no-func-assign
  26839:16  warning  '_typeof$6' is a function                                                  no-func-assign
  27101:16  warning  '_typeof$5' is a function                                                  no-func-assign
  27104:16  warning  '_typeof$5' is a function                                                  no-func-assign
  27478:33  warning  Empty block statement                                                      no-empty
  27858:16  warning  '_typeof$4' is a function                                                  no-func-assign
  27861:16  warning  '_typeof$4' is a function                                                  no-func-assign
  28408:19  warning  Empty block statement                                                      no-empty
  30933:16  warning  '_typeof$3' is a function                                                  no-func-assign
  30936:16  warning  '_typeof$3' is a function                                                  no-func-assign
  31042:38  warning  Unnecessary escape character: \?                                           no-useless-escape
  31049:19  warning  Empty block statement                                                      no-empty
  35790:26  warning  '_e' is defined but never used                                             no-unused-vars
  40087:16  warning  '_typeof$2' is a function                                                  no-func-assign
  40090:16  warning  '_typeof$2' is a function                                                  no-func-assign
  40111:11  warning  'st' is defined but never used                                             no-unused-vars
  40185:23  warning  Empty block statement                                                      no-empty
  40216:16  warning  '_typeof$1' is a function                                                  no-func-assign
  40219:16  warning  '_typeof$1' is a function                                                  no-func-assign
  41961:16  warning  '_typeof' is a function                                                    no-func-assign
  41964:16  warning  '_typeof' is a function                                                    no-func-assign
  43281:11  warning  Unsafe usage of ReturnStatement                                            no-unsafe-finally
  43283:17  warning  Unsafe usage of ThrowStatement                                             no-unsafe-finally
  46072:8   warning  'it' is assigned a value but never used                                    no-unused-vars
  46766:22  warning  'o' is assigned a value but never used                                     no-unused-vars

✖ 220 problems (0 errors, 220 warnings)

